<html>
<head>
<title>TestNG:  testname</title>
<link href="../testng.css" rel="stylesheet" type="text/css" />
<link href="../my-testng.css" rel="stylesheet" type="text/css" />

<style type="text/css">
.log { display: none;} 
.stack-trace { display: none;} 
</style>
<script type="text/javascript">
<!--
function flip(e) {
  current = e.style.display;
  if (current == 'block') {
    e.style.display = 'none';
    return 0;
  }
  else {
    e.style.display = 'block';
    return 1;
  }
}

function toggleBox(szDivId, elem, msg1, msg2)
{
  var res = -1;  if (document.getElementById) {
    res = flip(document.getElementById(szDivId));
  }
  else if (document.all) {
    // this is the way old msie versions work
    res = flip(document.all[szDivId]);
  }
  if(elem) {
    if(res == 0) elem.innerHTML = msg1; else elem.innerHTML = msg2;
  }

}

function toggleAllBoxes() {
  if (document.getElementsByTagName) {
    d = document.getElementsByTagName('div');
    for (i = 0; i < d.length; i++) {
      if (d[i].className == 'log') {
        flip(d[i]);
      }
    }
  }
}

// -->
</script>

</head>
<body>
<h2 align='center'>testname</h2><table border='1' align="center">
<tr>
<td>Tests passed/Failed/Skipped:</td><td>5/4/1</td>
</tr><tr>
<td>Started on:</td><td>Tue Jul 10 16:52:17 CST 2018</td>
</tr>
<tr><td>Total time:</td><td>3 seconds (3039 ms)</td>
</tr><tr>
<td>Included groups:</td><td></td>
</tr><tr>
<td>Excluded groups:</td><td></td>
</tr>
</table><p/>
<small><i>(Hover the method name to see the test class name)</i></small><p/>
<table width='100%' border='1' class='invocation-failed'>
<tr><td colspan='4' align='center'><b>FAILED TESTS</b></td></tr>
<tr><td><b>Test method</b></td>
<td width="30%"><b>Exception</b></td>
<td width="10%"><b>Time (seconds)</b></td>
<td><b>Instance</b></td>
</tr>
<tr>
<td title='com.niuguwang.test.apitestJava.cases.LoginTest.loginFalse()'><b>loginFalse</b><br>Test class: com.niuguwang.test.apitestJava.cases.LoginTest<br>Test method: 用户名正确，密码错误</td>
<td><div><pre>java.lang.AssertionError: expected [用户名或密码错误次数过多已锁定] but found [用户名或密码错误]
	at com.niuguwang.test.apitestJava.cases.LoginTest.loginFalse(LoginTest.java:102)
... Removed 31 stack frames</pre></div><a href='#' onClick='toggleBox("stack-trace914374969", this, "Click to show all stack frames", "Click to hide stack frames")'>Click to show all stack frames</a>
<div class='stack-trace' id='stack-trace914374969'><pre>java.lang.AssertionError: expected [用户名或密码错误次数过多已锁定] but found [用户名或密码错误]
	at org.testng.Assert.fail(Assert.java:94)
	at org.testng.Assert.failNotEquals(Assert.java:513)
	at org.testng.Assert.assertEqualsImpl(Assert.java:135)
	at org.testng.Assert.assertEquals(Assert.java:116)
	at org.testng.Assert.assertEquals(Assert.java:190)
	at org.testng.Assert.assertEquals(Assert.java:200)
	at com.niuguwang.test.apitestJava.cases.LoginTest.loginFalse(LoginTest.java:102)
	at sun.reflect.NativeMethodAccessorImpl.invoke0(Native Method)
	at sun.reflect.NativeMethodAccessorImpl.invoke(Unknown Source)
	at sun.reflect.DelegatingMethodAccessorImpl.invoke(Unknown Source)
	at java.lang.reflect.Method.invoke(Unknown Source)
	at org.testng.internal.MethodInvocationHelper.invokeMethod(MethodInvocationHelper.java:104)
	at org.testng.internal.Invoker.invokeMethod(Invoker.java:645)
	at org.testng.internal.Invoker.invokeTestMethod(Invoker.java:851)
	at org.testng.internal.Invoker.invokeTestMethods(Invoker.java:1177)
	at org.testng.internal.TestMethodWorker.invokeTestMethods(TestMethodWorker.java:129)
	at org.testng.internal.TestMethodWorker.run(TestMethodWorker.java:112)
	at org.testng.TestRunner.privateRun(TestRunner.java:756)
	at org.testng.TestRunner.run(TestRunner.java:610)
	at org.testng.SuiteRunner.runTest(SuiteRunner.java:387)
	at org.testng.SuiteRunner.runSequentially(SuiteRunner.java:382)
	at org.testng.SuiteRunner.privateRun(SuiteRunner.java:340)
	at org.testng.SuiteRunner.run(SuiteRunner.java:289)
	at org.testng.SuiteRunnerWorker.runSuite(SuiteRunnerWorker.java:52)
	at org.testng.SuiteRunnerWorker.run(SuiteRunnerWorker.java:86)
	at org.testng.TestNG.runSuitesSequentially(TestNG.java:1293)
	at org.testng.TestNG.runSuitesLocally(TestNG.java:1218)
	at org.testng.TestNG.runSuites(TestNG.java:1133)
	at org.testng.TestNG.run(TestNG.java:1104)
	at org.testng.remote.AbstractRemoteTestNG.run(AbstractRemoteTestNG.java:114)
	at org.testng.remote.RemoteTestNG.initAndRun(RemoteTestNG.java:251)
	at org.testng.remote.RemoteTestNG.main(RemoteTestNG.java:77)
</pre></div></td>
<td>0</td>
<td>com.niuguwang.test.apitestJava.cases.LoginTest@482f8f11</td></tr>
<tr>
<td title='com.niuguwang.test.apitestJava.cases.LoginTest.loginFalse04()'><b>loginFalse04</b><br>Test class: com.niuguwang.test.apitestJava.cases.LoginTest<br>Test method: 用户名错误，密码正确</td>
<td><div><pre>java.lang.AssertionError: expected [用户名或密码错误] but found [参数错误]
	at com.niuguwang.test.apitestJava.cases.LoginTest.loginFalse04(LoginTest.java:160)
... Removed 31 stack frames</pre></div><a href='#' onClick='toggleBox("stack-trace1277933280", this, "Click to show all stack frames", "Click to hide stack frames")'>Click to show all stack frames</a>
<div class='stack-trace' id='stack-trace1277933280'><pre>java.lang.AssertionError: expected [用户名或密码错误] but found [参数错误]
	at org.testng.Assert.fail(Assert.java:94)
	at org.testng.Assert.failNotEquals(Assert.java:513)
	at org.testng.Assert.assertEqualsImpl(Assert.java:135)
	at org.testng.Assert.assertEquals(Assert.java:116)
	at org.testng.Assert.assertEquals(Assert.java:190)
	at org.testng.Assert.assertEquals(Assert.java:200)
	at com.niuguwang.test.apitestJava.cases.LoginTest.loginFalse04(LoginTest.java:160)
	at sun.reflect.NativeMethodAccessorImpl.invoke0(Native Method)
	at sun.reflect.NativeMethodAccessorImpl.invoke(Unknown Source)
	at sun.reflect.DelegatingMethodAccessorImpl.invoke(Unknown Source)
	at java.lang.reflect.Method.invoke(Unknown Source)
	at org.testng.internal.MethodInvocationHelper.invokeMethod(MethodInvocationHelper.java:104)
	at org.testng.internal.Invoker.invokeMethod(Invoker.java:645)
	at org.testng.internal.Invoker.invokeTestMethod(Invoker.java:851)
	at org.testng.internal.Invoker.invokeTestMethods(Invoker.java:1177)
	at org.testng.internal.TestMethodWorker.invokeTestMethods(TestMethodWorker.java:129)
	at org.testng.internal.TestMethodWorker.run(TestMethodWorker.java:112)
	at org.testng.TestRunner.privateRun(TestRunner.java:756)
	at org.testng.TestRunner.run(TestRunner.java:610)
	at org.testng.SuiteRunner.runTest(SuiteRunner.java:387)
	at org.testng.SuiteRunner.runSequentially(SuiteRunner.java:382)
	at org.testng.SuiteRunner.privateRun(SuiteRunner.java:340)
	at org.testng.SuiteRunner.run(SuiteRunner.java:289)
	at org.testng.SuiteRunnerWorker.runSuite(SuiteRunnerWorker.java:52)
	at org.testng.SuiteRunnerWorker.run(SuiteRunnerWorker.java:86)
	at org.testng.TestNG.runSuitesSequentially(TestNG.java:1293)
	at org.testng.TestNG.runSuitesLocally(TestNG.java:1218)
	at org.testng.TestNG.runSuites(TestNG.java:1133)
	at org.testng.TestNG.run(TestNG.java:1104)
	at org.testng.remote.AbstractRemoteTestNG.run(AbstractRemoteTestNG.java:114)
	at org.testng.remote.RemoteTestNG.initAndRun(RemoteTestNG.java:251)
	at org.testng.remote.RemoteTestNG.main(RemoteTestNG.java:77)
</pre></div></td>
<td>0</td>
<td>com.niuguwang.test.apitestJava.cases.LoginTest@482f8f11</td></tr>
<tr>
<td title='com.niuguwang.test.apitestJava.cases.LoginTest.loginTrue()'><b>loginTrue</b><br>Test class: com.niuguwang.test.apitestJava.cases.LoginTest<br>Test method: 使用手机号登录，用户名正确，密码正确</td>
<td><div><pre>java.lang.NullPointerException
	at com.niuguwang.test.apitestJava.cases.LoginTest.loginTrue(LoginTest.java:57)
... Removed 25 stack frames</pre></div><a href='#' onClick='toggleBox("stack-trace530539368", this, "Click to show all stack frames", "Click to hide stack frames")'>Click to show all stack frames</a>
<div class='stack-trace' id='stack-trace530539368'><pre>java.lang.NullPointerException
	at com.niuguwang.test.apitestJava.cases.LoginTest.loginTrue(LoginTest.java:57)
	at sun.reflect.NativeMethodAccessorImpl.invoke0(Native Method)
	at sun.reflect.NativeMethodAccessorImpl.invoke(Unknown Source)
	at sun.reflect.DelegatingMethodAccessorImpl.invoke(Unknown Source)
	at java.lang.reflect.Method.invoke(Unknown Source)
	at org.testng.internal.MethodInvocationHelper.invokeMethod(MethodInvocationHelper.java:104)
	at org.testng.internal.Invoker.invokeMethod(Invoker.java:645)
	at org.testng.internal.Invoker.invokeTestMethod(Invoker.java:851)
	at org.testng.internal.Invoker.invokeTestMethods(Invoker.java:1177)
	at org.testng.internal.TestMethodWorker.invokeTestMethods(TestMethodWorker.java:129)
	at org.testng.internal.TestMethodWorker.run(TestMethodWorker.java:112)
	at org.testng.TestRunner.privateRun(TestRunner.java:756)
	at org.testng.TestRunner.run(TestRunner.java:610)
	at org.testng.SuiteRunner.runTest(SuiteRunner.java:387)
	at org.testng.SuiteRunner.runSequentially(SuiteRunner.java:382)
	at org.testng.SuiteRunner.privateRun(SuiteRunner.java:340)
	at org.testng.SuiteRunner.run(SuiteRunner.java:289)
	at org.testng.SuiteRunnerWorker.runSuite(SuiteRunnerWorker.java:52)
	at org.testng.SuiteRunnerWorker.run(SuiteRunnerWorker.java:86)
	at org.testng.TestNG.runSuitesSequentially(TestNG.java:1293)
	at org.testng.TestNG.runSuitesLocally(TestNG.java:1218)
	at org.testng.TestNG.runSuites(TestNG.java:1133)
	at org.testng.TestNG.run(TestNG.java:1104)
	at org.testng.remote.AbstractRemoteTestNG.run(AbstractRemoteTestNG.java:114)
	at org.testng.remote.RemoteTestNG.initAndRun(RemoteTestNG.java:251)
	at org.testng.remote.RemoteTestNG.main(RemoteTestNG.java:77)
</pre></div></td>
<td>1</td>
<td>com.niuguwang.test.apitestJava.cases.LoginTest@482f8f11</td></tr>
<tr>
<td title='com.niuguwang.test.apitestJava.cases.LoginTest.loginTrue01()'><b>loginTrue01</b><br>Test class: com.niuguwang.test.apitestJava.cases.LoginTest<br>Test method: 使用用户名登录，用户名正确，密码错误<br/>
<a href="#Output-98826337" onClick='toggleBox("Output-98826337", this, "Show output", "Hide output");'>Show output</a>

<a href="#Output-98826337" onClick="toggleAllBoxes();">Show all outputs</a>
<div class='log' id="Output-98826337">
这是一个日志看看看看扩扩扩扩扩扩扩扩扩扩扩扩扩扩扩扩扩扩扩扩扩扩扩扩扩扩<br/>
</div>
</td>
<td><div><pre>java.lang.AssertionError: expected [用户名或密码错误次数过多已锁定] but found [登录成功]
	at com.niuguwang.test.apitestJava.cases.LoginTest.loginTrue01(LoginTest.java:86)
... Removed 31 stack frames</pre></div><a href='#' onClick='toggleBox("stack-trace98826337", this, "Click to show all stack frames", "Click to hide stack frames")'>Click to show all stack frames</a>
<div class='stack-trace' id='stack-trace98826337'><pre>java.lang.AssertionError: expected [用户名或密码错误次数过多已锁定] but found [登录成功]
	at org.testng.Assert.fail(Assert.java:94)
	at org.testng.Assert.failNotEquals(Assert.java:513)
	at org.testng.Assert.assertEqualsImpl(Assert.java:135)
	at org.testng.Assert.assertEquals(Assert.java:116)
	at org.testng.Assert.assertEquals(Assert.java:190)
	at org.testng.Assert.assertEquals(Assert.java:200)
	at com.niuguwang.test.apitestJava.cases.LoginTest.loginTrue01(LoginTest.java:86)
	at sun.reflect.NativeMethodAccessorImpl.invoke0(Native Method)
	at sun.reflect.NativeMethodAccessorImpl.invoke(Unknown Source)
	at sun.reflect.DelegatingMethodAccessorImpl.invoke(Unknown Source)
	at java.lang.reflect.Method.invoke(Unknown Source)
	at org.testng.internal.MethodInvocationHelper.invokeMethod(MethodInvocationHelper.java:104)
	at org.testng.internal.Invoker.invokeMethod(Invoker.java:645)
	at org.testng.internal.Invoker.invokeTestMethod(Invoker.java:851)
	at org.testng.internal.Invoker.invokeTestMethods(Invoker.java:1177)
	at org.testng.internal.TestMethodWorker.invokeTestMethods(TestMethodWorker.java:129)
	at org.testng.internal.TestMethodWorker.run(TestMethodWorker.java:112)
	at org.testng.TestRunner.privateRun(TestRunner.java:756)
	at org.testng.TestRunner.run(TestRunner.java:610)
	at org.testng.SuiteRunner.runTest(SuiteRunner.java:387)
	at org.testng.SuiteRunner.runSequentially(SuiteRunner.java:382)
	at org.testng.SuiteRunner.privateRun(SuiteRunner.java:340)
	at org.testng.SuiteRunner.run(SuiteRunner.java:289)
	at org.testng.SuiteRunnerWorker.runSuite(SuiteRunnerWorker.java:52)
	at org.testng.SuiteRunnerWorker.run(SuiteRunnerWorker.java:86)
	at org.testng.TestNG.runSuitesSequentially(TestNG.java:1293)
	at org.testng.TestNG.runSuitesLocally(TestNG.java:1218)
	at org.testng.TestNG.runSuites(TestNG.java:1133)
	at org.testng.TestNG.run(TestNG.java:1104)
	at org.testng.remote.AbstractRemoteTestNG.run(AbstractRemoteTestNG.java:114)
	at org.testng.remote.RemoteTestNG.initAndRun(RemoteTestNG.java:251)
	at org.testng.remote.RemoteTestNG.main(RemoteTestNG.java:77)
</pre></div></td>
<td>0</td>
<td>com.niuguwang.test.apitestJava.cases.LoginTest@482f8f11</td></tr>
</table><p>
<table width='100%' border='1' class='invocation-passed'>
<tr><td colspan='4' align='center'><b>PASSED TESTS</b></td></tr>
<tr><td><b>Test method</b></td>
<td width="30%"><b>Exception</b></td>
<td width="10%"><b>Time (seconds)</b></td>
<td><b>Instance</b></td>
</tr>
<tr>
<td title='com.niuguwang.test.apitestJava.cases.GetQuestionReplybyLittleTest.getQuestionReplaybyLittle()'><b>getQuestionReplaybyLittle</b><br>Test class: com.niuguwang.test.apitestJava.cases.GetQuestionReplybyLittleTest<br>Test method: 通过问题的内容获取诊股答案<br/>
<a href="#Output-288379405" onClick='toggleBox("Output-288379405", this, "Show output", "Hide output");'>Show output</a>

<a href="#Output-288379405" onClick="toggleAllBoxes();">Show all outputs</a>
<div class='log' id="Output-288379405">
接口地址：https://user.niuguwang.com/AskStock/getQuestionReplyByLittle.ashx<br/>
请求参数：GetQuestionReplybyLittle [questionId=1734071, userToken=rdHRLzQgBQx_CEUM7qx7q6p25xyuMvu493iyb60IBdm-l3lVdrPS0Q**]<br/>
</div>
</td>
<td></td>
<td>0</td>
<td>com.niuguwang.test.apitestJava.cases.GetQuestionReplybyLittleTest@7823a2f9</td></tr>
<tr>
<td title='com.niuguwang.test.apitestJava.cases.LoginTest.loginFalse01()'><b>loginFalse01</b><br>Test class: com.niuguwang.test.apitestJava.cases.LoginTest<br>Test method: 用户名为空，密码为空<br/>
<a href="#Output-105579928" onClick='toggleBox("Output-105579928", this, "Show output", "Hide output");'>Show output</a>

<a href="#Output-105579928" onClick="toggleAllBoxes();">Show all outputs</a>
<div class='log' id="Output-105579928">
这是一个日志看看看看扩扩扩扩扩扩扩扩扩扩扩扩扩扩扩扩扩扩扩扩扩扩扩扩扩扩<br/>
</div>
</td>
<td></td>
<td>0</td>
<td>com.niuguwang.test.apitestJava.cases.LoginTest@482f8f11</td></tr>
<tr>
<td title='com.niuguwang.test.apitestJava.cases.LoginTest.loginFalse02()'><b>loginFalse02</b><br>Test class: com.niuguwang.test.apitestJava.cases.LoginTest<br>Test method: 用户名正确，密码错误</td>
<td></td>
<td>0</td>
<td>com.niuguwang.test.apitestJava.cases.LoginTest@482f8f11</td></tr>
<tr>
<td title='com.niuguwang.test.apitestJava.cases.LoginTest.loginFalse03()'><b>loginFalse03</b><br>Test class: com.niuguwang.test.apitestJava.cases.LoginTest<br>Test method: 用户名错误，密码正确</td>
<td></td>
<td>0</td>
<td>com.niuguwang.test.apitestJava.cases.LoginTest@482f8f11</td></tr>
<tr>
<td title='com.niuguwang.test.apitestJava.cases.GetQuickSearchTest.quickSearch()'><b>quickSearch</b><br>Test class: com.niuguwang.test.apitestJava.cases.GetQuickSearchTest<br>Test method: 首次进入获取欢迎列表<br/>
<a href="#Output-122155649" onClick='toggleBox("Output-122155649", this, "Show output", "Hide output");'>Show output</a>

<a href="#Output-122155649" onClick="toggleAllBoxes();">Show all outputs</a>
<div class='log' id="Output-122155649">
请求接口地址：https://user.niuguwang.com/AskStock/getQuickSearch.ashx<br/>
请求参数：AddQuestion [id=1, ownerIds=0, ownerNames=, content=今日情绪指数, userToken=1, width=-1, height=-1]<br/>
</div>
</td>
<td></td>
<td>0</td>
<td>com.niuguwang.test.apitestJava.cases.GetQuickSearchTest@1593948d</td></tr>
</table><p>
<table width='100%' border='1' class='invocation-skipped'>
<tr><td colspan='4' align='center'><b>SKIPPED TESTS</b></td></tr>
<tr><td><b>Test method</b></td>
<td width="30%"><b>Exception</b></td>
<td width="10%"><b>Time (seconds)</b></td>
<td><b>Instance</b></td>
</tr>
<tr>
<td title='com.niuguwang.test.apitestJava.cases.AddQuestionTest.addquestion()'><b>addquestion</b><br>Test class: com.niuguwang.test.apitestJava.cases.AddQuestionTest<br>Test method: 进行提问</td>
<td><div><pre>java.lang.Throwable: Method AddQuestionTest.addquestion()[pri:0, instance:com.niuguwang.test.apitestJava.cases.AddQuestionTest@1b604f19] depends on not successfully finished methods in group &quot;loginTrue&quot;
... Removed 18 stack frames</pre></div><a href='#' onClick='toggleBox("stack-trace1696263571", this, "Click to show all stack frames", "Click to hide stack frames")'>Click to show all stack frames</a>
<div class='stack-trace' id='stack-trace1696263571'><pre>java.lang.Throwable: Method AddQuestionTest.addquestion()[pri:0, instance:com.niuguwang.test.apitestJava.cases.AddQuestionTest@1b604f19] depends on not successfully finished methods in group &quot;loginTrue&quot;
	at org.testng.internal.Invoker.invokeTestMethods(Invoker.java:1068)
	at org.testng.internal.TestMethodWorker.invokeTestMethods(TestMethodWorker.java:129)
	at org.testng.internal.TestMethodWorker.run(TestMethodWorker.java:112)
	at org.testng.TestRunner.privateRun(TestRunner.java:756)
	at org.testng.TestRunner.run(TestRunner.java:610)
	at org.testng.SuiteRunner.runTest(SuiteRunner.java:387)
	at org.testng.SuiteRunner.runSequentially(SuiteRunner.java:382)
	at org.testng.SuiteRunner.privateRun(SuiteRunner.java:340)
	at org.testng.SuiteRunner.run(SuiteRunner.java:289)
	at org.testng.SuiteRunnerWorker.runSuite(SuiteRunnerWorker.java:52)
	at org.testng.SuiteRunnerWorker.run(SuiteRunnerWorker.java:86)
	at org.testng.TestNG.runSuitesSequentially(TestNG.java:1293)
	at org.testng.TestNG.runSuitesLocally(TestNG.java:1218)
	at org.testng.TestNG.runSuites(TestNG.java:1133)
	at org.testng.TestNG.run(TestNG.java:1104)
	at org.testng.remote.AbstractRemoteTestNG.run(AbstractRemoteTestNG.java:114)
	at org.testng.remote.RemoteTestNG.initAndRun(RemoteTestNG.java:251)
	at org.testng.remote.RemoteTestNG.main(RemoteTestNG.java:77)
</pre></div></td>
<td>0</td>
<td>null</td></tr>
</table><p>
</body>
</html>